<?xml version="1.0" encoding="UTF-8"?>
<testsuite xmlns:xsi="http://www.w3.org/2001/XMLSchema-instance" xsi:noNamespaceSchemaLocation="https://maven.apache.org/surefire/maven-surefire-plugin/xsd/surefire-test-report.xsd" version="3.0.1" name="es.uva.sockets.AppTest" time="0.288" tests="8" errors="0" skipped="0" failures="0">
  <properties>
    <property name="java.specification.version" value="23"/>
    <property name="sun.jnu.encoding" value="UTF-8"/>
    <property name="java.class.path" value="/home/diego/Documentos/Uni/SD/SocketsSD/sockets/practica-juego/target/test-classes:/home/diego/Documentos/Uni/SD/SocketsSD/sockets/practica-juego/target/classes:/home/diego/.m2/repository/org/junit/jupiter/junit-jupiter-api/5.11.0/junit-jupiter-api-5.11.0.jar:/home/diego/.m2/repository/org/opentest4j/opentest4j/1.3.0/opentest4j-1.3.0.jar:/home/diego/.m2/repository/org/junit/platform/junit-platform-commons/1.11.0/junit-platform-commons-1.11.0.jar:/home/diego/.m2/repository/org/apiguardian/apiguardian-api/1.1.2/apiguardian-api-1.1.2.jar:/home/diego/.m2/repository/org/junit/jupiter/junit-jupiter-params/5.11.0/junit-jupiter-params-5.11.0.jar:/home/diego/.m2/repository/org/slf4j/slf4j-api/1.7.22/slf4j-api-1.7.22.jar:/home/diego/.m2/repository/org/slf4j/slf4j-simple/1.7.22/slf4j-simple-1.7.22.jar:"/>
    <property name="java.vm.vendor" value="Oracle Corporation"/>
    <property name="sun.arch.data.model" value="64"/>
    <property name="java.vendor.url" value="https://java.oracle.com/"/>
    <property name="os.name" value="Linux"/>
    <property name="java.vm.specification.version" value="23"/>
    <property name="sun.java.launcher" value="SUN_STANDARD"/>
    <property name="user.country" value="ES"/>
    <property name="sun.boot.library.path" value="/home/diego/.jdks/openjdk-23/lib"/>
    <property name="sun.java.command" value="/home/diego/Documentos/Uni/SD/SocketsSD/sockets/practica-juego/target/surefire/surefirebooter-20241118180232251_3.jar /home/diego/Documentos/Uni/SD/SocketsSD/sockets/practica-juego/target/surefire 2024-11-18T18-02-32_130-jvmRun1 surefire-20241118180232251_1tmp surefire_0-20241118180232251_2tmp"/>
    <property name="jdk.debug" value="release"/>
    <property name="surefire.test.class.path" value="/home/diego/Documentos/Uni/SD/SocketsSD/sockets/practica-juego/target/test-classes:/home/diego/Documentos/Uni/SD/SocketsSD/sockets/practica-juego/target/classes:/home/diego/.m2/repository/org/junit/jupiter/junit-jupiter-api/5.11.0/junit-jupiter-api-5.11.0.jar:/home/diego/.m2/repository/org/opentest4j/opentest4j/1.3.0/opentest4j-1.3.0.jar:/home/diego/.m2/repository/org/junit/platform/junit-platform-commons/1.11.0/junit-platform-commons-1.11.0.jar:/home/diego/.m2/repository/org/apiguardian/apiguardian-api/1.1.2/apiguardian-api-1.1.2.jar:/home/diego/.m2/repository/org/junit/jupiter/junit-jupiter-params/5.11.0/junit-jupiter-params-5.11.0.jar:/home/diego/.m2/repository/org/slf4j/slf4j-api/1.7.22/slf4j-api-1.7.22.jar:/home/diego/.m2/repository/org/slf4j/slf4j-simple/1.7.22/slf4j-simple-1.7.22.jar:"/>
    <property name="sun.cpu.endian" value="little"/>
    <property name="user.home" value="/home/diego"/>
    <property name="user.language" value="es"/>
    <property name="java.specification.vendor" value="Oracle Corporation"/>
    <property name="java.version.date" value="2024-09-17"/>
    <property name="java.home" value="/home/diego/.jdks/openjdk-23"/>
    <property name="file.separator" value="/"/>
    <property name="basedir" value="/home/diego/Documentos/Uni/SD/SocketsSD/sockets/practica-juego"/>
    <property name="java.vm.compressedOopsMode" value="Zero based"/>
    <property name="line.separator" value="&#10;"/>
    <property name="java.specification.name" value="Java Platform API Specification"/>
    <property name="java.vm.specification.vendor" value="Oracle Corporation"/>
    <property name="surefire.real.class.path" value="/home/diego/Documentos/Uni/SD/SocketsSD/sockets/practica-juego/target/surefire/surefirebooter-20241118180232251_3.jar"/>
    <property name="sun.management.compiler" value="HotSpot 64-Bit Tiered Compilers"/>
    <property name="java.runtime.version" value="23+37-2369"/>
    <property name="user.name" value="diego"/>
    <property name="stdout.encoding" value="UTF-8"/>
    <property name="path.separator" value=":"/>
    <property name="os.version" value="5.15.0-125-generic"/>
    <property name="java.runtime.name" value="OpenJDK Runtime Environment"/>
    <property name="file.encoding" value="UTF-8"/>
    <property name="java.vm.name" value="OpenJDK 64-Bit Server VM"/>
    <property name="junit.jupiter.execution.parallel.enabled" value="false"/>
    <property name="localRepository" value="/home/diego/.m2/repository"/>
    <property name="java.vendor.url.bug" value="https://bugreport.java.com/bugreport/"/>
    <property name="java.io.tmpdir" value="/tmp"/>
    <property name="idea.version" value="2024.2.2"/>
    <property name="java.version" value="23"/>
    <property name="user.dir" value="/home/diego/Documentos/Uni/SD/SocketsSD/sockets/practica-juego"/>
    <property name="os.arch" value="amd64"/>
    <property name="java.vm.specification.name" value="Java Virtual Machine Specification"/>
    <property name="native.encoding" value="UTF-8"/>
    <property name="java.library.path" value="/usr/java/packages/lib:/usr/lib64:/lib64:/lib:/usr/lib"/>
    <property name="java.vm.info" value="mixed mode, sharing"/>
    <property name="stderr.encoding" value="UTF-8"/>
    <property name="java.vendor" value="Oracle Corporation"/>
    <property name="java.vm.version" value="23+37-2369"/>
    <property name="sun.io.unicode.encoding" value="UnicodeLittle"/>
    <property name="java.class.version" value="67.0"/>
  </properties>
  <testcase name="shouldDig" classname="es.uva.sockets.AppTest" time="0.092">
    <system-out><![CDATA[&amp#27;[H&amp#27;[2J----------
|  |  |  |
----------
| @|  |  |
----------
|  |  |  |
----------
&amp#27;[H&amp#27;[2J----------
|  |  |  |
----------
|  | @|  |
----------
|  |  |  |
----------
&amp#27;[H&amp#27;[2J----------
|  |  | A|
----------
|  | @|  |
----------
|  |  |  |
----------
&amp#27;[H&amp#27;[2J----------
|  |  | A|
----------
|  | @|  |
----------
|  |  |  |
----------
&amp#27;[H&amp#27;[2J----------
|  |  | A|
----------
|  | @|  |
----------
|  |  |  |
----------
&amp#27;[H&amp#27;[2J----------
|  |  | A|
----------
|  | @|  |
----------
|  |  |  |
----------
]]></system-out>
  </testcase>
  <testcase name="shouldEnd" classname="es.uva.sockets.AppTest" time="0.013">
    <system-out><![CDATA[&amp#27;[H&amp#27;[2J----------
| @|  |  |
----------
|  |  |  |
----------
|  |  |  |
----------
&amp#27;[H&amp#27;[2J----------
|  |  |  |
----------
|  | @|  |
----------
|  |  |  |
----------
&amp#27;[H&amp#27;[2J----------
| A|  |  |
----------
|  | @|  |
----------
|  |  |  |
----------
&amp#27;[H&amp#27;[2J----------
| A|  |  |
----------
|  | @|  |
----------
|  |  |  |
----------
&amp#27;[H&amp#27;[2J----------
| A|  |  |
----------
|  | @|  |
----------
|  |  |  |
----------
&amp#27;[H&amp#27;[2J----------
| A|  |  |
----------
|  | @|  |
----------
|  |  |  |
----------
]]></system-out>
  </testcase>
  <testcase name="shouldJoin" classname="es.uva.sockets.AppTest" time="0.007">
    <system-out><![CDATA[&amp#27;[H&amp#27;[2J----------
|  |  |  |
----------
|  |  | @|
----------
|  |  |  |
----------
]]></system-out>
  </testcase>
  <testcase name="shouldMove(String, int, int)[1]" classname="es.uva.sockets.AppTest" time="0.047">
    <system-out><![CDATA[&amp#27;[H&amp#27;[2J----------
|  |  |  |
----------
|  |  |  |
----------
|  | @|  |
----------
&amp#27;[H&amp#27;[2J----------
|  |  |  |
----------
|  | @|  |
----------
|  |  |  |
----------
&amp#27;[H&amp#27;[2J----------
|  |  |  |
----------
|  | @|  |
----------
| A|  |  |
----------
&amp#27;[H&amp#27;[2J----------
|  |  |  |
----------
|  | @|  |
----------
| A|  |  |
----------
EMPIEZA A MOVERSE
&amp#27;[H&amp#27;[2J----------
|  | @|  |
----------
|  |  |  |
----------
| A|  |  |
----------
&amp#27;[H&amp#27;[2J----------
|  | @|  |
----------
|  |  |  |
----------
| A|  |  |
----------
]]></system-out>
  </testcase>
  <testcase name="shouldMove(String, int, int)[2]" classname="es.uva.sockets.AppTest" time="0.008">
    <system-out><![CDATA[&amp#27;[H&amp#27;[2J----------
| @|  |  |
----------
|  |  |  |
----------
|  |  |  |
----------
&amp#27;[H&amp#27;[2J----------
|  |  |  |
----------
|  | @|  |
----------
|  |  |  |
----------
&amp#27;[H&amp#27;[2J----------
|  |  |  |
----------
|  | @|  |
----------
|  |  | A|
----------
&amp#27;[H&amp#27;[2J----------
|  |  |  |
----------
|  | @|  |
----------
|  |  | A|
----------
EMPIEZA A MOVERSE
&amp#27;[H&amp#27;[2J----------
|  |  |  |
----------
|  |  |  |
----------
|  | @| A|
----------
&amp#27;[H&amp#27;[2J----------
|  |  |  |
----------
|  |  |  |
----------
|  | @| A|
----------
]]></system-out>
  </testcase>
  <testcase name="shouldMove(String, int, int)[3]" classname="es.uva.sockets.AppTest" time="0.008">
    <system-out><![CDATA[&amp#27;[H&amp#27;[2J----------
|  |  |  |
----------
|  |  |  |
----------
|  |  | @|
----------
&amp#27;[H&amp#27;[2J----------
|  |  |  |
----------
|  | @|  |
----------
|  |  |  |
----------
&amp#27;[H&amp#27;[2J----------
|  |  |  |
----------
|  | A|  |
----------
|  |  |  |
----------
&amp#27;[H&amp#27;[2J----------
|  |  |  |
----------
|  | A|  |
----------
|  |  |  |
----------
EMPIEZA A MOVERSE
&amp#27;[H&amp#27;[2J----------
|  |  |  |
----------
| @| A|  |
----------
|  |  |  |
----------
&amp#27;[H&amp#27;[2J----------
|  |  |  |
----------
| @| A|  |
----------
|  |  |  |
----------
]]></system-out>
  </testcase>
  <testcase name="shouldMove(String, int, int)[4]" classname="es.uva.sockets.AppTest" time="0.006">
    <system-out><![CDATA[&amp#27;[H&amp#27;[2J----------
|  |  | @|
----------
|  |  |  |
----------
|  |  |  |
----------
&amp#27;[H&amp#27;[2J----------
|  |  |  |
----------
|  | @|  |
----------
|  |  |  |
----------
&amp#27;[H&amp#27;[2J----------
|  |  |  |
----------
|  | @|  |
----------
|  |  | A|
----------
&amp#27;[H&amp#27;[2J----------
|  |  |  |
----------
|  | @|  |
----------
|  |  | A|
----------
EMPIEZA A MOVERSE
&amp#27;[H&amp#27;[2J----------
|  |  |  |
----------
|  |  | @|
----------
|  |  | A|
----------
&amp#27;[H&amp#27;[2J----------
|  |  |  |
----------
|  |  | @|
----------
|  |  | A|
----------
]]></system-out>
  </testcase>
  <testcase name="shouldBroadcastJoin" classname="es.uva.sockets.AppTest" time="0.007">
    <system-out><![CDATA[&amp#27;[H&amp#27;[2J----------
|  |  |  |
----------
|  | @|  |
----------
|  |  |  |
----------
&amp#27;[H&amp#27;[2J----------
|  |  |  |
----------
|  | A|  |
----------
|  |  |  |
----------
&amp#27;[H&amp#27;[2J----------
|  |  |  |
----------
|  | @|  |
----------
|  |  |  |
----------
&amp#27;[H&amp#27;[2J----------
|  |  |  |
----------
|  | A|  |
----------
|  |  |  |
----------
]]></system-out>
  </testcase>
</testsuite>